This is e-pTeX, Version 3.14159265-p3.7.1-161114-2.6 (utf8.sjis) (TeX Live 2017/W32TeX) (preloaded format=platex 2017.7.30)  29 MAR 2019 00:18
entering extended mode
 restricted \write18 enabled.
 %&-line parsing enabled.
**./title_page.tex
(./title_page.tex
pLaTeX2e <2017/05/05> (based on LaTeX2e <2017-04-15>)
Babel <3.12> and hyphenation patterns for 84 language(s) loaded.
(c:/texlive/2017/texmf-dist/tex/platex/base/jarticle.cls
Document Class: jarticle 2017/03/05 v1.7e Standard pLaTeX class
\c@@paper=\count82
(c:/texlive/2017/texmf-dist/tex/platex/base/jsize10.clo
File: jsize10.clo 2017/03/05 v1.7e Standard pLaTeX file (size option)
)
\c@part=\count83
\c@section=\count84
\c@subsection=\count85
\c@subsubsection=\count86
\c@paragraph=\count87
\c@subparagraph=\count88
\c@figure=\count89
\c@table=\count90
\abovecaptionskip=\skip41
\belowcaptionskip=\skip42
\symmincho=\mathgroup4
LaTeX Font Info:    Overwriting symbol font `mincho' in version `bold'
(Font)                  JY1/mc/m/n --> JY1/gt/m/n on input line 613.
\toclineskip=\dimen118
\@lnumwidth=\dimen119
\bibindent=\dimen120
\heisei=\count91
) (./title_page.aux)
\openout1 = `title_page.aux'.

LaTeX Font Info:    Checking defaults for OML/cmm/m/it on input line 9.
LaTeX Font Info:    ... okay on input line 9.
LaTeX Font Info:    Checking defaults for T1/cmr/m/n on input line 9.
LaTeX Font Info:    ... okay on input line 9.
LaTeX Font Info:    Checking defaults for OT1/cmr/m/n on input line 9.
LaTeX Font Info:    ... okay on input line 9.
LaTeX Font Info:    Checking defaults for OMS/cmsy/m/n on input line 9.
LaTeX Font Info:    ... okay on input line 9.
LaTeX Font Info:    Checking defaults for OMX/cmex/m/n on input line 9.
LaTeX Font Info:    ... okay on input line 9.
LaTeX Font Info:    Checking defaults for U/cmr/m/n on input line 9.
LaTeX Font Info:    ... okay on input line 9.
LaTeX Font Info:    Checking defaults for JY1/mc/m/n on input line 9.
LaTeX Font Info:    ... okay on input line 9.
LaTeX Font Info:    Checking defaults for JT1/mc/m/n on input line 9.
LaTeX Font Info:    ... okay on input line 9.
LaTeX Font Info:    External font `cmex10' loaded for size
(Font)              <12> on input line 11.
LaTeX Font Info:    External font `cmex10' loaded for size
(Font)              <8> on input line 11.
LaTeX Font Info:    External font `cmex10' loaded for size
(Font)              <6> on input line 11.

[1

] (./title_page.aux) ) 
Here is how much of TeX's memory you used:
 281 strings out of 493648
 2908 string characters out of 6151827
 59728 words of memory out of 5000000
 3948 multiletter control sequences out of 15000+600000
 11557 words of font info for 45 fonts, out of 8000000 for 9000
 929 hyphenation exceptions out of 8191
 22i,6n,19p,123b,219s stack positions out of 5000i,500n,10000p,200000b,80000s

Output written on title_page.dvi (1 page, 388 bytes).
